[INFO] [28/07/2024 04:05:12] Mist of Pandaria 5.4.8 Authserver
[INFO] [28/07/2024 04:05:12] Listening at 0.0.0.0:3724
[SUCCESS] [28/07/2024 04:05:22] Accepted connection from {addr}
[SUCCESS] [28/07/2024 04:05:22] Accepted connection from ('192.168.11.30', 57692)
[INFO] [28/07/2024 04:05:22] Client to Server : OPCODE : AUTH_LOGON_CHALLENGE
[INFO] [28/07/2024 04:05:22]    Data: b'\x00\x08"\x00WoW\x00\x05\x04\x08\xeeG68x\x00niW\x00BGne<\x00\x00\x00\xc0\xa8\x0b\x1e\x04MAPE'
[INFO] [28/07/2024 04:05:22]    Length: 38
[PACKAGE] [28/07/2024 04:05:22] 
AuthLogonChallengeC(
   cmd=0,
   error=8,
   size=34,
   gamename='WoW',
   version1=5,
   version2=4,
   version3=8,
   build=18414,
   platform='x86',
   os='Win',
   country='enGB',
   timezone_bias=60,
   ip='192.168.11.30',
   I_len=4,
   I='MAPE'
)
[INFO] [28/07/2024 04:05:22] AUTH_LOGON_CHALLENGE (192.168.11.30)
[PACKAGE] [28/07/2024 04:05:22] 
AuthLogonChallengeC(
   cmd=0,
   error=8,
   size=34,
   gamename='WoW',
   version1=5,
   version2=4,
   version3=8,
   build=18414,
   platform='x86',
   os='Win',
   country='enGB',
   timezone_bias=60,
   ip='192.168.11.30',
   I_len=4,
   I='MAPE'
)
[PACKAGE] [28/07/2024 04:05:22] 
AuthLogonChallengeS(
   cmd=0,
   error=0,
   success=0,
   B=b'\xf9=Z|v\t\xab\xf7\n\xee\x90\x19^\x12\xf8\xec\xaf\xa7xl?~\xab\xf1\x10\xa4@\xb2\xc02\x07C',
   l=1,
   g=7,
   blob=32,
   N=b'\xb7\x9b>*\x87\x82<\xab\x8f^\xbf\xbf\x8e\xb1\x01\x08SP\x06)\x8b[\xad\xbd[S\xe1\x89^dK\x89',
   s=b'\xf7\xd3\\\x9a*\xeaJ<\xa2\xcf\xfa\x13\xaa1\xda\x17k\x95\xdf\xd6p\x9aKgP\xa10\x85\xdeU\xe3\xe4',
   unk3=b'\x0e\x1fM\xd4\x8b\xd6\x03\x05\x155\x88\x89\xf2P\xcb]',
   securityFlags=0
)
[INFO] [28/07/2024 04:05:22] Server to Client : OPCODE : AUTH_LOGON_CHALLENGE
[INFO] [28/07/2024 04:05:22]    Data: b'\x00\x00\x00\xf9=Z|v\t\xab\xf7\n\xee\x90\x19^\x12\xf8\xec\xaf\xa7xl?~\xab\xf1\x10\xa4@\xb2\xc02\x07C\x01\x07 \xb7\x9b>*\x87\x82<\xab\x8f^\xbf\xbf\x8e\xb1\x01\x08SP\x06)\x8b[\xad\xbd[S\xe1\x89^dK\x89\xf7\xd3\\\x9a*\xeaJ<\xa2\xcf\xfa\x13\xaa1\xda\x17k\x95\xdf\xd6p\x9aKgP\xa10\x85\xdeU\xe3\xe4\x0e\x1fM\xd4\x8b\xd6\x03\x05\x155\x88\x89\xf2P\xcb]\x00'
[INFO] [28/07/2024 04:05:22]    Length: 119
[PACKAGE] [28/07/2024 04:05:22] 
AuthLogonChallengeS(
   cmd=0,
   error=0,
   success=0,
   B=b'\xf9=Z|v\t\xab\xf7\n\xee\x90\x19^\x12\xf8\xec\xaf\xa7xl?~\xab\xf1\x10\xa4@\xb2\xc02\x07C',
   l=1,
   g=7,
   blob=32,
   N=b'\xb7\x9b>*\x87\x82<\xab\x8f^\xbf\xbf\x8e\xb1\x01\x08SP\x06)\x8b[\xad\xbd[S\xe1\x89^dK\x89',
   s=b'\xf7\xd3\\\x9a*\xeaJ<\xa2\xcf\xfa\x13\xaa1\xda\x17k\x95\xdf\xd6p\x9aKgP\xa10\x85\xdeU\xe3\xe4',
   unk3=b'\x0e\x1fM\xd4\x8b\xd6\x03\x05\x155\x88\x89\xf2P\xcb]',
   securityFlags=0
)
[INFO] [28/07/2024 04:05:22] Client to Server : OPCODE : AUTH_LOGON_PROOF
[INFO] [28/07/2024 04:05:22]    Data: b'\x01\xb7\xf5L~\xbb{7\xc7\xd6\r\xec\xf09_\xaax\xac\x93\xcdF\xabq\xd7\xa8C\x99f\x85O\xdct\x19\x05t-\xa9"\xf1=*\x02\xc5fo\x1bX\xf76\x82,X\x9a\xf2H\xe1\xfe\x1f9_\xf2\xb2\xff\x01\x10\x7f=\xc3\xf9\xad|\x96\xcb\x00\x00'
[INFO] [28/07/2024 04:05:22]    Length: 75
[PACKAGE] [28/07/2024 04:05:22] 
AuthLogonProofS(
   cmd=1,
   error=183,
   M2=b'\xf5L~\xbb{7\xc7\xd6\r\xec\xf09_\xaax\xac\x93\xcdF\xab',
   unk1=1909958723,
   unk2=2573632847,
   unk3=56436
)
[INFO] [28/07/2024 04:05:22] AUTH_LOGON_PROOF (192.168.11.30)
[PACKAGE] [28/07/2024 04:05:22] 
AuthLogonProofC(
   cmd=1,
   A=b'\xb7\xf5L~\xbb{7\xc7\xd6\r\xec\xf09_\xaax\xac\x93\xcdF\xabq\xd7\xa8C\x99f\x85O\xdct\x19',
   M1=b'\x05t-\xa9"\xf1=*\x02\xc5fo\x1bX\xf76\x82,X\x9a',
   crc_hash=b'\xf2H\xe1\xfe\x1f9_\xf2\xb2\xff\x01\x10\x7f=\xc3\xf9\xad|\x96\xcb',
   number_of_keys=0,
   security_flags=0
)
[DEBUG] [28/07/2024 04:05:22] Found key
[PACKAGE] [28/07/2024 04:05:22] 
AuthLogonProofS(
   cmd=1,
   error=0,
   M2=b'\x1b\xf4$n\xdbd\xd0\x12\x19@76\x92P\xdf\n\x87\xfa\x7f#',
   unk1=8388608,
   unk2=0,
   unk3=0
)
[INFO] [28/07/2024 04:05:22] Server to Client : OPCODE : AUTH_LOGON_PROOF
[INFO] [28/07/2024 04:05:22]    Data: b'\x01\x00\x1b\xf4$n\xdbd\xd0\x12\x19@76\x92P\xdf\n\x87\xfa\x7f#\x00\x80\x00\x00\x00\x00\x00\x00\x00\x00'
[INFO] [28/07/2024 04:05:22]    Length: 32
[PACKAGE] [28/07/2024 04:05:22] 
AuthLogonProofS(
   cmd=1,
   error=0,
   M2=b'\x1b\xf4$n\xdbd\xd0\x12\x19@76\x92P\xdf\n\x87\xfa\x7f#',
   unk1=8388608,
   unk2=0,
   unk3=0
)
[SUCCESS] [28/07/2024 04:05:25] Accepted connection from {addr}
[SUCCESS] [28/07/2024 04:05:25] Accepted connection from ('192.168.11.30', 57694)
[INFO] [28/07/2024 04:05:25] Client to Server : OPCODE : AUTH_LOGON_CHALLENGE
[INFO] [28/07/2024 04:05:25]    Data: b'\x00\x08"\x00WoW\x00\x05\x04\x08\xeeG68x\x00niW\x00BGne<\x00\x00\x00\xc0\xa8\x0b\x1e\x04MAPE'
[INFO] [28/07/2024 04:05:25]    Length: 38
[PACKAGE] [28/07/2024 04:05:25] 
AuthLogonChallengeC(
   cmd=0,
   error=8,
   size=34,
   gamename='WoW',
   version1=5,
   version2=4,
   version3=8,
   build=18414,
   platform='x86',
   os='Win',
   country='enGB',
   timezone_bias=60,
   ip='192.168.11.30',
   I_len=4,
   I='MAPE'
)
[INFO] [28/07/2024 04:05:25] AUTH_LOGON_CHALLENGE (192.168.11.30)
[PACKAGE] [28/07/2024 04:05:25] 
AuthLogonChallengeC(
   cmd=0,
   error=8,
   size=34,
   gamename='WoW',
   version1=5,
   version2=4,
   version3=8,
   build=18414,
   platform='x86',
   os='Win',
   country='enGB',
   timezone_bias=60,
   ip='192.168.11.30',
   I_len=4,
   I='MAPE'
)
[PACKAGE] [28/07/2024 04:05:25] 
AuthLogonChallengeS(
   cmd=0,
   error=0,
   success=0,
   B=b'\xa4O\xfa_\x84\x90\x8a\xac\xad\xca]p\x9e,\xba-\x06\xb2\x1c\x8e+\x92\xf3\xcf\xbf\x93\x84\xb6\xae\xcb\xd2\x0b',
   l=1,
   g=7,
   blob=32,
   N=b'\xb7\x9b>*\x87\x82<\xab\x8f^\xbf\xbf\x8e\xb1\x01\x08SP\x06)\x8b[\xad\xbd[S\xe1\x89^dK\x89',
   s=b'\xf7\xd3\\\x9a*\xeaJ<\xa2\xcf\xfa\x13\xaa1\xda\x17k\x95\xdf\xd6p\x9aKgP\xa10\x85\xdeU\xe3\xe4',
   unk3=b'\xc7} \xbd\xcf?\x82UmOWNV\xad\x01>',
   securityFlags=0
)
[INFO] [28/07/2024 04:05:25] Server to Client : OPCODE : AUTH_LOGON_CHALLENGE
[INFO] [28/07/2024 04:05:25]    Data: b'\x00\x00\x00\xa4O\xfa_\x84\x90\x8a\xac\xad\xca]p\x9e,\xba-\x06\xb2\x1c\x8e+\x92\xf3\xcf\xbf\x93\x84\xb6\xae\xcb\xd2\x0b\x01\x07 \xb7\x9b>*\x87\x82<\xab\x8f^\xbf\xbf\x8e\xb1\x01\x08SP\x06)\x8b[\xad\xbd[S\xe1\x89^dK\x89\xf7\xd3\\\x9a*\xeaJ<\xa2\xcf\xfa\x13\xaa1\xda\x17k\x95\xdf\xd6p\x9aKgP\xa10\x85\xdeU\xe3\xe4\xc7} \xbd\xcf?\x82UmOWNV\xad\x01>\x00'
[INFO] [28/07/2024 04:05:25]    Length: 119
[PACKAGE] [28/07/2024 04:05:25] 
AuthLogonChallengeS(
   cmd=0,
   error=0,
   success=0,
   B=b'\xa4O\xfa_\x84\x90\x8a\xac\xad\xca]p\x9e,\xba-\x06\xb2\x1c\x8e+\x92\xf3\xcf\xbf\x93\x84\xb6\xae\xcb\xd2\x0b',
   l=1,
   g=7,
   blob=32,
   N=b'\xb7\x9b>*\x87\x82<\xab\x8f^\xbf\xbf\x8e\xb1\x01\x08SP\x06)\x8b[\xad\xbd[S\xe1\x89^dK\x89',
   s=b'\xf7\xd3\\\x9a*\xeaJ<\xa2\xcf\xfa\x13\xaa1\xda\x17k\x95\xdf\xd6p\x9aKgP\xa10\x85\xdeU\xe3\xe4',
   unk3=b'\xc7} \xbd\xcf?\x82UmOWNV\xad\x01>',
   securityFlags=0
)
[INFO] [28/07/2024 04:05:25] Client to Server : OPCODE : AUTH_LOGON_PROOF
[INFO] [28/07/2024 04:05:25]    Data: b'\x01\xf0e#Z\x15]P\x96US\x97\x8e\xbd\x8e:\x9dn\xfb\x14\xee\xadIH\xb02\x0e\xf8\rs\x06e=\x0b\x98:\xc2\xbe\xa0\x16[\xc5T\xfa\x00\xa0\x00\xf1\x81^\x1b\xce\xc9{\xb2O\xfb\xaef\xfe\xbc\xe6P\xd9\\\x91\xc3\xcb\xd6fy$\xbf\x00\x00'
[INFO] [28/07/2024 04:05:25]    Length: 75
[PACKAGE] [28/07/2024 04:05:25] 
AuthLogonProofS(
   cmd=1,
   error=240,
   M2=b'e#Z\x15]P\x96US\x97\x8e\xbd\x8e:\x9dn\xfb\x14\xee\xad',
   unk1=1229500466,
   unk2=251137395,
   unk3=1637
)
[INFO] [28/07/2024 04:05:25] AUTH_LOGON_PROOF (192.168.11.30)
[PACKAGE] [28/07/2024 04:05:25] 
AuthLogonProofC(
   cmd=1,
   A=b'\xf0e#Z\x15]P\x96US\x97\x8e\xbd\x8e:\x9dn\xfb\x14\xee\xadIH\xb02\x0e\xf8\rs\x06e=',
   M1=b'\x0b\x98:\xc2\xbe\xa0\x16[\xc5T\xfa\x00\xa0\x00\xf1\x81^\x1b\xce\xc9',
   crc_hash=b'{\xb2O\xfb\xaef\xfe\xbc\xe6P\xd9\\\x91\xc3\xcb\xd6fy$\xbf',
   number_of_keys=0,
   security_flags=0
)
[WARNING] [28/07/2024 04:05:25] A or B are not hex number
[SUCCESS] [28/07/2024 04:05:25] Closed connection from ('192.168.11.30', 57694)
[SUCCESS] [28/07/2024 04:05:27] Accepted connection from {addr}
[SUCCESS] [28/07/2024 04:05:27] Accepted connection from ('192.168.11.30', 57710)
[INFO] [28/07/2024 04:05:27] Client to Server : OPCODE : AUTH_LOGON_CHALLENGE
[INFO] [28/07/2024 04:05:27]    Data: b'\x00\x08"\x00WoW\x00\x05\x04\x08\xeeG68x\x00niW\x00BGne<\x00\x00\x00\xc0\xa8\x0b\x1e\x04MAPE'
[INFO] [28/07/2024 04:05:27]    Length: 38
[PACKAGE] [28/07/2024 04:05:27] 
AuthLogonChallengeC(
   cmd=0,
   error=8,
   size=34,
   gamename='WoW',
   version1=5,
   version2=4,
   version3=8,
   build=18414,
   platform='x86',
   os='Win',
   country='enGB',
   timezone_bias=60,
   ip='192.168.11.30',
   I_len=4,
   I='MAPE'
)
[INFO] [28/07/2024 04:05:27] AUTH_LOGON_CHALLENGE (192.168.11.30)
[PACKAGE] [28/07/2024 04:05:27] 
AuthLogonChallengeC(
   cmd=0,
   error=8,
   size=34,
   gamename='WoW',
   version1=5,
   version2=4,
   version3=8,
   build=18414,
   platform='x86',
   os='Win',
   country='enGB',
   timezone_bias=60,
   ip='192.168.11.30',
   I_len=4,
   I='MAPE'
)
[PACKAGE] [28/07/2024 04:05:27] 
AuthLogonChallengeS(
   cmd=0,
   error=0,
   success=0,
   B=b'\xea\x9a\x95}\xa3dS\xf0\x82H\t\xbd\x82Yo\x85\xbd\xbd\xe0{\x1f\xe1\xf4MT\xf0c\x04\xc6aZs',
   l=1,
   g=7,
   blob=32,
   N=b'\xb7\x9b>*\x87\x82<\xab\x8f^\xbf\xbf\x8e\xb1\x01\x08SP\x06)\x8b[\xad\xbd[S\xe1\x89^dK\x89',
   s=b'\xf7\xd3\\\x9a*\xeaJ<\xa2\xcf\xfa\x13\xaa1\xda\x17k\x95\xdf\xd6p\x9aKgP\xa10\x85\xdeU\xe3\xe4',
   unk3=b'\xf7\n\x15,\xa1]W\xbe\xac\x1eD\xa05\t\xad\xcd',
   securityFlags=0
)
[INFO] [28/07/2024 04:05:27] Server to Client : OPCODE : AUTH_LOGON_CHALLENGE
[INFO] [28/07/2024 04:05:27]    Data: b'\x00\x00\x00\xea\x9a\x95}\xa3dS\xf0\x82H\t\xbd\x82Yo\x85\xbd\xbd\xe0{\x1f\xe1\xf4MT\xf0c\x04\xc6aZs\x01\x07 \xb7\x9b>*\x87\x82<\xab\x8f^\xbf\xbf\x8e\xb1\x01\x08SP\x06)\x8b[\xad\xbd[S\xe1\x89^dK\x89\xf7\xd3\\\x9a*\xeaJ<\xa2\xcf\xfa\x13\xaa1\xda\x17k\x95\xdf\xd6p\x9aKgP\xa10\x85\xdeU\xe3\xe4\xf7\n\x15,\xa1]W\xbe\xac\x1eD\xa05\t\xad\xcd\x00'
[INFO] [28/07/2024 04:05:27]    Length: 119
[PACKAGE] [28/07/2024 04:05:27] 
AuthLogonChallengeS(
   cmd=0,
   error=0,
   success=0,
   B=b'\xea\x9a\x95}\xa3dS\xf0\x82H\t\xbd\x82Yo\x85\xbd\xbd\xe0{\x1f\xe1\xf4MT\xf0c\x04\xc6aZs',
   l=1,
   g=7,
   blob=32,
   N=b'\xb7\x9b>*\x87\x82<\xab\x8f^\xbf\xbf\x8e\xb1\x01\x08SP\x06)\x8b[\xad\xbd[S\xe1\x89^dK\x89',
   s=b'\xf7\xd3\\\x9a*\xeaJ<\xa2\xcf\xfa\x13\xaa1\xda\x17k\x95\xdf\xd6p\x9aKgP\xa10\x85\xdeU\xe3\xe4',
   unk3=b'\xf7\n\x15,\xa1]W\xbe\xac\x1eD\xa05\t\xad\xcd',
   securityFlags=0
)
[INFO] [28/07/2024 04:05:27] Client to Server : OPCODE : AUTH_LOGON_PROOF
[INFO] [28/07/2024 04:05:27]    Data: b'\x011Kt\xfe\x88\ru\x9b"\\?\xf5\t\xaa\xa5\xffi\x91\xb0\xbd\x00\xef/\x82`~}x\x99\xefj\x1c"\xae4\xe4\xd2\xc7\\#\xd5c\x0cR&=\x15rC\xe05}\xa6w#\xb7\xa4K\x1cB{%\xb0\x82\x1b*\x93\x1c\xf6T\xbdU\x00\x00'
[INFO] [28/07/2024 04:05:27]    Length: 75
[PACKAGE] [28/07/2024 04:05:27] 
AuthLogonProofS(
   cmd=1,
   error=49,
   M2=b'Kt\xfe\x88\ru\x9b"\\?\xf5\t\xaa\xa5\xffi\x91\xb0\xbd\x00',
   unk1=4012868192,
   unk2=2122152089,
   unk3=61290
)
[INFO] [28/07/2024 04:05:27] AUTH_LOGON_PROOF (192.168.11.30)
[PACKAGE] [28/07/2024 04:05:27] 
AuthLogonProofC(
   cmd=1,
   A=b'1Kt\xfe\x88\ru\x9b"\\?\xf5\t\xaa\xa5\xffi\x91\xb0\xbd\x00\xef/\x82`~}x\x99\xefj\x1c',
   M1=b'"\xae4\xe4\xd2\xc7\\#\xd5c\x0cR&=\x15rC\xe05}',
   crc_hash=b'\xa6w#\xb7\xa4K\x1cB{%\xb0\x82\x1b*\x93\x1c\xf6T\xbdU',
   number_of_keys=0,
   security_flags=0
)
[DEBUG] [28/07/2024 04:05:27] Found key
[PACKAGE] [28/07/2024 04:05:27] 
AuthLogonProofS(
   cmd=1,
   error=0,
   M2=b'n \x07\x02\xe7\x13tY\xfb\xd7c\xc5K\xc8\xef\x84\xa2\xce;=',
   unk1=8388608,
   unk2=0,
   unk3=0
)
[INFO] [28/07/2024 04:05:27] Server to Client : OPCODE : AUTH_LOGON_PROOF
[INFO] [28/07/2024 04:05:27]    Data: b'\x01\x00n \x07\x02\xe7\x13tY\xfb\xd7c\xc5K\xc8\xef\x84\xa2\xce;=\x00\x80\x00\x00\x00\x00\x00\x00\x00\x00'
[INFO] [28/07/2024 04:05:27]    Length: 32
[PACKAGE] [28/07/2024 04:05:27] 
AuthLogonProofS(
   cmd=1,
   error=0,
   M2=b'n \x07\x02\xe7\x13tY\xfb\xd7c\xc5K\xc8\xef\x84\xa2\xce;=',
   unk1=8388608,
   unk2=0,
   unk3=0
)
[INFO] [28/07/2024 04:05:27] Client to Server : OPCODE : REALM_LIST
[INFO] [28/07/2024 04:05:27]    Data: b'\x10\x00\x00\x00\x00'
[INFO] [28/07/2024 04:05:27]    Length: 5
[PACKAGE] [28/07/2024 04:05:27] 
RealmListC(
   cmd=16
)
[INFO] [28/07/2024 04:05:27] REALM_LIST (192.168.11.30)
[PACKAGE] [28/07/2024 04:05:27] 
RealmListC(
   cmd=16
)
[DEBUG] [28/07/2024 04:05:27] b'\x104\x00\x00\x00\x00\x00\x01\x00\x01\x00\x00Magnus Revange\x00192.168.11.30:8085\x00\x00\x00\x00\x00\x01\x01\x01\x10\x00'
[INFO] [28/07/2024 04:05:27] Server to Client : OPCODE : REALM_LIST
[INFO] [28/07/2024 04:05:27]    Data: b'\x104\x00\x00\x00\x00\x00\x01\x00\x01\x00\x00Magnus Revange\x00192.168.11.30:8085\x00\x00\x00\x00\x00\x01\x01\x01\x10\x00'
[INFO] [28/07/2024 04:05:27]    Length: 55
[INFO] [28/07/2024 04:05:31] Client to Server : OPCODE : REALM_LIST
[INFO] [28/07/2024 04:05:31]    Data: b'\x10\x00\x00\x00\x00'
[INFO] [28/07/2024 04:05:31]    Length: 5
[PACKAGE] [28/07/2024 04:05:31] 
RealmListC(
   cmd=16
)
[INFO] [28/07/2024 04:05:31] REALM_LIST (192.168.11.30)
[PACKAGE] [28/07/2024 04:05:31] 
RealmListC(
   cmd=16
)
[DEBUG] [28/07/2024 04:05:31] b'\x104\x00\x00\x00\x00\x00\x01\x00\x01\x00\x00Magnus Revange\x00192.168.11.30:8085\x00\x00\x00\x00\x00\x01\x01\x01\x10\x00'
[INFO] [28/07/2024 04:05:31] Server to Client : OPCODE : REALM_LIST
[INFO] [28/07/2024 04:05:31]    Data: b'\x104\x00\x00\x00\x00\x00\x01\x00\x01\x00\x00Magnus Revange\x00192.168.11.30:8085\x00\x00\x00\x00\x00\x01\x01\x01\x10\x00'
[INFO] [28/07/2024 04:05:31]    Length: 55
[INFO] [28/07/2024 04:05:33] Client to Server : OPCODE : REALM_LIST
[INFO] [28/07/2024 04:05:33]    Data: b'\x10\x00\x00\x00\x00'
[INFO] [28/07/2024 04:05:33]    Length: 5
[PACKAGE] [28/07/2024 04:05:33] 
RealmListC(
   cmd=16
)
[INFO] [28/07/2024 04:05:33] REALM_LIST (192.168.11.30)
[PACKAGE] [28/07/2024 04:05:33] 
RealmListC(
   cmd=16
)
[DEBUG] [28/07/2024 04:05:33] b'\x104\x00\x00\x00\x00\x00\x01\x00\x01\x00\x00Magnus Revange\x00192.168.11.30:8085\x00\x00\x00\x00\x00\x01\x01\x01\x10\x00'
[INFO] [28/07/2024 04:05:33] Server to Client : OPCODE : REALM_LIST
[INFO] [28/07/2024 04:05:33]    Data: b'\x104\x00\x00\x00\x00\x00\x01\x00\x01\x00\x00Magnus Revange\x00192.168.11.30:8085\x00\x00\x00\x00\x00\x01\x01\x01\x10\x00'
[INFO] [28/07/2024 04:05:33]    Length: 55
